{"owner":{"name":"Code","bundleId":"com.microsoft.VSCode","path":"/Applications/Visual Studio Code.app","processId":14702},"title":"index.js — wesley","bounds":{"height":1028,"x":0,"y":22,"width":1643},"id":47184,"memoryUsage":1072,"timestamp":1523238111168}
{"owner":{"name":"Code","bundleId":"com.microsoft.VSCode","path":"/Applications/Visual Studio Code.app","processId":14702},"title":"wesley.20180408.log — wesley","bounds":{"height":1028,"x":0,"y":22,"width":1643},"id":47184,"memoryUsage":1072,"timestamp":1523238119260}
{"title":"Desktop","timestamp":1523238139493}
{"owner":{"name":"Opera","bundleId":"com.operasoftware.Opera","path":"/Applications/Opera.app","processId":2158},"title":"Speed Dial","bounds":{"height":914,"x":79,"y":61,"width":1166},"id":53355,"memoryUsage":1072,"timestamp":1523238141518}
{"title":"Desktop","timestamp":1523238145561}
{"owner":{"name":"Code","bundleId":"com.microsoft.VSCode","path":"/Applications/Visual Studio Code.app","processId":14702},"title":"wesley.20180408.log — wesley","bounds":{"height":1028,"x":0,"y":22,"width":1643},"id":47184,"memoryUsage":1072,"timestamp":1523238147586}
{"title":"Desktop","timestamp":1523238153655}
{"owner":{"name":"Finder","bundleId":"com.apple.finder","path":"/System/Library/CoreServices/Finder.app","processId":338},"title":"All My Files","bounds":{"height":740,"x":439,"y":169,"width":812},"id":53357,"memoryUsage":1072,"timestamp":1523238159725}
{"owner":{"name":"Finder","bundleId":"com.apple.finder","path":"/System/Library/CoreServices/Finder.app","processId":338},"title":"Dev","bounds":{"height":740,"x":456,"y":240,"width":812},"id":53357,"memoryUsage":1072,"timestamp":1523238169828}
{"owner":{"name":"Finder","bundleId":"com.apple.finder","path":"/System/Library/CoreServices/Finder.app","processId":338},"title":"node","bounds":{"height":740,"x":341,"y":271,"width":812},"id":53357,"memoryUsage":1072,"timestamp":1523238181961}
{"owner":{"name":"Finder","bundleId":"com.apple.finder","path":"/System/Library/CoreServices/Finder.app","processId":338},"title":"wesley","bounds":{"height":740,"x":341,"y":271,"width":812},"id":53357,"memoryUsage":1072,"timestamp":1523238183985}
{"title":"Desktop","timestamp":1523238190048}
{"owner":{"name":"Code","bundleId":"com.microsoft.VSCode","path":"/Applications/Visual Studio Code.app","processId":14702},"title":"wesley.20180408.log — wesley","bounds":{"height":1028,"x":0,"y":22,"width":1643},"id":47184,"memoryUsage":1072,"timestamp":1523238192072}
{"owner":{"name":"Calendar","bundleId":"com.apple.iCal","path":"/Applications/Calendar.app","processId":55178},"title":"Calendar","bounds":{"height":1028,"x":1,"y":22,"width":1644},"id":16492,"memoryUsage":1072,"timestamp":1523238222407}
{"title":"Desktop","timestamp":1523238240917}
{"owner":{"name":"System Preferences","bundleId":"com.apple.systempreferences","path":"/Applications/System Preferences.app","processId":23690},"title":"Network","bounds":{"height":563,"x":506,"y":244,"width":668},"id":52245,"memoryUsage":6055120,"timestamp":1523238242936}
{"owner":{"name":"Calendar","bundleId":"com.apple.iCal","path":"/Applications/Calendar.app","processId":55178},"title":"Calendar","bounds":{"height":1028,"x":1,"y":22,"width":1644},"id":16492,"memoryUsage":1072,"timestamp":1523238244967}
{"title":"Desktop","timestamp":1523238246985}
{"owner":{"name":"Code","bundleId":"com.microsoft.VSCode","path":"/Applications/Visual Studio Code.app","processId":14702},"title":"wesley.20180408.log — wesley","bounds":{"height":1028,"x":0,"y":22,"width":1643},"id":47184,"memoryUsage":1072,"timestamp":1523238249007}
{"owner":{"name":"Code","bundleId":"com.microsoft.VSCode","path":"/Applications/Visual Studio Code.app","processId":14702},"title":"","bounds":{"height":365,"x":96,"y":243,"width":291},"id":53413,"memoryUsage":1733840,"timestamp":1523238267211}
{"owner":{"name":"Code","bundleId":"com.microsoft.VSCode","path":"/Applications/Visual Studio Code.app","processId":14702},"title":"wesley.20180408.log — wesley","bounds":{"height":1028,"x":0,"y":22,"width":1643},"id":47184,"memoryUsage":1072,"timestamp":1523238269235}
{"owner":{"name":"Code","bundleId":"com.microsoft.VSCode","path":"/Applications/Visual Studio Code.app","processId":14702},"title":"File","bounds":{"height":353,"x":99,"y":22,"width":229},"id":53416,"memoryUsage":1311952,"timestamp":1523238431057}
{"owner":{"name":"Code","bundleId":"com.microsoft.VSCode","path":"/Applications/Visual Studio Code.app","processId":14702},"title":"index.js — Wesley","bounds":{"height":1028,"x":0,"y":22,"width":1643},"id":47184,"memoryUsage":1072,"timestamp":1523239335528}
{"owner":{"name":"Code","bundleId":"com.microsoft.VSCode","path":"/Applications/Visual Studio Code.app","processId":14702},"title":"index.js — Wesley","bounds":{"height":1028,"x":0,"y":22,"width":1643},"id":47184,"memoryUsage":1072,"timestamp":1523239337554}
{"owner":{"name":"Code","bundleId":"com.microsoft.VSCode","path":"/Applications/Visual Studio Code.app","processId":14702},"title":"wesley.20180408.log — Wesley","bounds":{"height":1028,"x":0,"y":22,"width":1643},"id":47184,"memoryUsage":1072,"timestamp":1523239339583}
{"owner":{"name":"Code","bundleId":"com.microsoft.VSCode","path":"/Applications/Visual Studio Code.app","processId":14702},"title":"wesley.20180408.log — Wesley","bounds":{"height":1028,"x":0,"y":22,"width":1643},"id":47184,"memoryUsage":1072,"timestamp":1523239341607}
{"owner":{"name":"Code","bundleId":"com.microsoft.VSCode","path":"/Applications/Visual Studio Code.app","processId":14702},"title":"wesley.20180408.log — Wesley","bounds":{"height":1028,"x":0,"y":22,"width":1643},"id":47184,"memoryUsage":1072,"timestamp":1523239343629}
{"owner":{"name":"Code","bundleId":"com.microsoft.VSCode","path":"/Applications/Visual Studio Code.app","processId":14702},"title":"wesley.20180408.log — Wesley","bounds":{"height":1028,"x":0,"y":22,"width":1643},"id":47184,"memoryUsage":1072,"timestamp":1523239345655}
{"owner":{"name":"Code","bundleId":"com.microsoft.VSCode","path":"/Applications/Visual Studio Code.app","processId":14702},"title":"wesley.20180408.log — Wesley","bounds":{"height":1028,"x":0,"y":22,"width":1643},"id":47184,"memoryUsage":1072,"timestamp":1523239347678}
{"owner":{"name":"Code","bundleId":"com.microsoft.VSCode","path":"/Applications/Visual Studio Code.app","processId":14702},"title":"wesley.20180408.log — Wesley","bounds":{"height":1028,"x":0,"y":22,"width":1643},"id":47184,"memoryUsage":1072,"timestamp":1523239349703}
{"owner":{"name":"Code","bundleId":"com.microsoft.VSCode","path":"/Applications/Visual Studio Code.app","processId":14702},"title":"wesley.20180408.log — Wesley","bounds":{"height":1028,"x":0,"y":22,"width":1643},"id":47184,"memoryUsage":1072,"timestamp":1523239351722}
{"owner":{"name":"Code","bundleId":"com.microsoft.VSCode","path":"/Applications/Visual Studio Code.app","processId":14702},"title":"wesley.20180408.log — Wesley","bounds":{"height":1028,"x":0,"y":22,"width":1643},"id":47184,"memoryUsage":1072,"timestamp":1523239353744}
{"owner":{"name":"Code","bundleId":"com.microsoft.VSCode","path":"/Applications/Visual Studio Code.app","processId":14702},"title":"wesley.20180408.log — Wesley","bounds":{"height":1028,"x":0,"y":22,"width":1643},"id":47184,"memoryUsage":1072,"timestamp":1523239355767}
{"owner":{"name":"Code","bundleId":"com.microsoft.VSCode","path":"/Applications/Visual Studio Code.app","processId":14702},"title":"entry-sample.json — Wesley","bounds":{"height":1028,"x":0,"y":22,"width":1643},"id":47184,"memoryUsage":1072,"timestamp":1523239357787}
{"owner":{"name":"Code","bundleId":"com.microsoft.VSCode","path":"/Applications/Visual Studio Code.app","processId":14702},"title":"index.js — Wesley","bounds":{"height":1028,"x":0,"y":22,"width":1643},"id":47184,"memoryUsage":1072,"timestamp":1523239359810}
{"owner":{"name":"Code","bundleId":"com.microsoft.VSCode","path":"/Applications/Visual Studio Code.app","processId":14702},"title":"index.js — Wesley","bounds":{"height":1028,"x":0,"y":22,"width":1643},"id":47184,"memoryUsage":1072,"timestamp":1523239361835}
{"owner":{"name":"Code","bundleId":"com.microsoft.VSCode","path":"/Applications/Visual Studio Code.app","processId":14702},"title":"index.js — Wesley","bounds":{"height":1028,"x":0,"y":22,"width":1643},"id":47184,"memoryUsage":1072,"timestamp":1523239363862}
{"owner":{"name":"Code","bundleId":"com.microsoft.VSCode","path":"/Applications/Visual Studio Code.app","processId":14702},"title":"index.js — Wesley","bounds":{"height":1028,"x":0,"y":22,"width":1643},"id":47184,"memoryUsage":1072,"timestamp":1523239365884}
{"owner":{"name":"Code","bundleId":"com.microsoft.VSCode","path":"/Applications/Visual Studio Code.app","processId":14702},"title":"index.js — Wesley","bounds":{"height":1028,"x":0,"y":22,"width":1643},"id":47184,"memoryUsage":1072,"timestamp":1523239684632}
{"owner":{"name":"Code","bundleId":"com.microsoft.VSCode","path":"/Applications/Visual Studio Code.app","processId":14702},"title":"wesley.20180408.log — Wesley","bounds":{"height":1028,"x":0,"y":22,"width":1643},"id":47184,"memoryUsage":1072,"timestamp":1523239688685}
{"owner":{"name":"Code","bundleId":"com.microsoft.VSCode","path":"/Applications/Visual Studio Code.app","processId":14702},"title":"index.js — Wesley","bounds":{"height":1028,"x":0,"y":22,"width":1643},"id":47184,"memoryUsage":1072,"timestamp":1523239714987}
{"owner":{"name":"Code","bundleId":"com.microsoft.VSCode","path":"/Applications/Visual Studio Code.app","processId":14702},"title":"wesley.20180408.log — Wesley","bounds":{"height":1028,"x":0,"y":22,"width":1643},"id":47184,"memoryUsage":1072,"timestamp":1523239717014}
{"owner":{"name":"Code","bundleId":"com.microsoft.VSCode","path":"/Applications/Visual Studio Code.app","processId":14702},"title":"index.js — Wesley","bounds":{"height":1028,"x":0,"y":22,"width":1643},"id":47184,"memoryUsage":1072,"timestamp":1523239719040}
{"owner":{"name":"Code","bundleId":"com.microsoft.VSCode","path":"/Applications/Visual Studio Code.app","processId":14702},"title":"wesley.20180408.log — Wesley","bounds":{"height":1028,"x":0,"y":22,"width":1643},"id":47184,"memoryUsage":1072,"timestamp":1523239723078}
{"owner":{"name":"Code","bundleId":"com.microsoft.VSCode","path":"/Applications/Visual Studio Code.app","processId":14702},"title":"index.js — Wesley","bounds":{"height":1028,"x":0,"y":22,"width":1643},"id":47184,"memoryUsage":1072,"timestamp":1523239725097}
{"owner":{"name":"Code","bundleId":"com.microsoft.VSCode","path":"/Applications/Visual Studio Code.app","processId":14702},"title":"wesley.20180408.log — Wesley","bounds":{"height":1028,"x":0,"y":22,"width":1643},"id":47184,"memoryUsage":1072,"timestamp":1523239856560}
{"owner":{"name":"Code","bundleId":"com.microsoft.VSCode","path":"/Applications/Visual Studio Code.app","processId":14702},"title":"index.js — Wesley","bounds":{"height":1028,"x":0,"y":22,"width":1643},"id":47184,"memoryUsage":1072,"timestamp":1523239858577}
{"owner":{"name":"Code","bundleId":"com.microsoft.VSCode","path":"/Applications/Visual Studio Code.app","processId":14702},"title":"registerServiceWorker.js — Wesley","bounds":{"height":1028,"x":0,"y":22,"width":1643},"id":47184,"memoryUsage":1072,"timestamp":1523239868679}
{"owner":{"name":"Code","bundleId":"com.microsoft.VSCode","path":"/Applications/Visual Studio Code.app","processId":14702},"title":"entry-sample.json — Wesley","bounds":{"height":1028,"x":0,"y":22,"width":1643},"id":47184,"memoryUsage":1072,"timestamp":1523239917226}
{"owner":{"name":"Code","bundleId":"com.microsoft.VSCode","path":"/Applications/Visual Studio Code.app","processId":14702},"title":"index.js — Wesley","bounds":{"height":1028,"x":0,"y":22,"width":1643},"id":47184,"memoryUsage":1072,"timestamp":1523240155888}
{"owner":{"name":"Code","bundleId":"com.microsoft.VSCode","path":"/Applications/Visual Studio Code.app","processId":14702},"title":"registerServiceWorker.js — Wesley","bounds":{"height":1028,"x":0,"y":22,"width":1643},"id":47184,"memoryUsage":1072,"timestamp":1523240159935}
{"owner":{"name":"Code","bundleId":"com.microsoft.VSCode","path":"/Applications/Visual Studio Code.app","processId":14702},"title":"index.js — Wesley","bounds":{"height":1028,"x":0,"y":22,"width":1643},"id":47184,"memoryUsage":1072,"timestamp":1523240163978}
{"owner":{"name":"Code","bundleId":"com.microsoft.VSCode","path":"/Applications/Visual Studio Code.app","processId":14702},"title":"README.md — Wesley","bounds":{"height":1028,"x":0,"y":22,"width":1643},"id":47184,"memoryUsage":1072,"timestamp":1523240166000}
{"owner":{"name":"Code","bundleId":"com.microsoft.VSCode","path":"/Applications/Visual Studio Code.app","processId":14702},"title":"entry-sample.json — Wesley","bounds":{"height":1028,"x":0,"y":22,"width":1643},"id":47184,"memoryUsage":1072,"timestamp":1523240184212}
{"title":"Desktop","timestamp":1523240331829}
{"owner":{"name":"Code","bundleId":"com.microsoft.VSCode","path":"/Applications/Visual Studio Code.app","processId":14702},"title":"wesley.20180408.log — Wesley","bounds":{"height":1028,"x":0,"y":22,"width":1643},"id":47184,"memoryUsage":1072,"timestamp":1523240334207}
